<?xml version="1.0" encoding="UTF-8"?>
<!-- Generated by org.testng.reporters.JUnitXMLReporter -->
<testsuite ignored="0" hostname="DESKTOP-ITKABBO" failures="1" tests="1" name="PositiveLoginTest" time="7.606" errors="0" timestamp="16 Sept 2026 17:58:17 GMT">
  <testcase classname="com.herokuapp.theinternet.loginpagetests.PositiveLoginTests" name="logInTest" time="0.028">
    <failure type="java.lang.NullPointerException" message="Cannot invoke &amp;quot;org.apache.logging.log4j.Logger.info(String)&amp;quot; because &amp;quot;this.log&amp;quot; is null">
      <![CDATA[java.lang.NullPointerException: Cannot invoke "org.apache.logging.log4j.Logger.info(String)" because "this.log" is null
at com.herokuapp.theinternet.pages.WelcomePageObject.openPage(WelcomePageObject.java:26)
at com.herokuapp.theinternet.loginpagetests.PositiveLoginTests.logInTest(PositiveLoginTests.java:31)
... Removed 27 stack frames]]>
    </failure>
  </testcase> <!-- logInTest -->
</testsuite> <!-- PositiveLoginTest -->
