<?xml version="1.0" encoding="UTF-8"?>
<testsuite xmlns:xsi="http://www.w3.org/2001/XMLSchema-instance" xsi:noNamespaceSchemaLocation="https://maven.apache.org/surefire/maven-surefire-plugin/xsd/surefire-test-report.xsd" name="TestSuite" time="8.229" tests="1" errors="0" skipped="0" failures="1">
  <properties>
[...]
</properties>
  <testcase name="logInTest" classname="com.herokuapp.theinternet.loginpagetests.PositiveLoginTests" time="0.066">
    <failure message="Cannot invoke &quot;org.apache.logging.log4j.Logger.info(String)&quot; because &quot;this.log&quot; is null" type="java.lang.NullPointerException">java.lang.NullPointerException: Cannot invoke "org.apache.logging.log4j.Logger.info(String)" because "this.log" is null
	at com.herokuapp.theinternet.loginpagetests.PositiveLoginTests.logInTest(PositiveLoginTests.java:31)
</failure>
    <system-out><![CDATA[[main] 23:28:10,133 INFO  [PositiveLoginTest] Create driver: chrome
[main] 23:28:16,741 INFO  [PositiveLoginTest] Starting logIn test
]]></system-out>
    <system-err><![CDATA[Sept 16, 2026 11:28:16 PM org.openqa.selenium.devtools.CdpVersionFinder findNearestMatch
WARNING: Unable to find CDP implementation matching 153
Sept 16, 2026 11:28:16 PM org.openqa.selenium.chromium.ChromiumDriver lambda$new$5
WARNING: Unable to find version of CDP to use for 153.0.8010.47. You may need to include a dependency on a specific version of the CDP using something similar to `org.seleniumhq.selenium:selenium-devtools-v86:4.23.1` where the version ("v86") matches the version of the chromium-based browser you're using and the version number of the artifact is the same as Selenium's.
]]></system-err>
  </testcase>
</testsuite>