<?xml version="1.0" encoding="UTF-8"?>
<testng-results ignored="0" total="1" passed="1" failed="0" skipped="0">
  <reporter-output>
  </reporter-output>
  <suite started-at="2026-09-16T18:13:41Z" name="PositiveLoginTestSuite" finished-at="2026-09-16T18:14:14Z" duration-ms="32262">
    <groups>
    </groups>
    <test started-at="2026-09-16T18:13:41Z" name="PositiveLoginTest" finished-at="2026-09-16T18:14:14Z" duration-ms="32262">
      <class name="com.herokuapp.theinternet.loginpagetests.PositiveLoginTests">
        <test-method is-config="true" signature="setUp(java.lang.String, org.testng.ITestContext)[pri:0, instance:com.herokuapp.theinternet.loginpagetests.PositiveLoginTests@61d47554]" started-at="2026-09-16T18:13:42Z" name="setUp" finished-at="2026-09-16T18:13:50Z" duration-ms="8134" status="PASS">
          <params>
            <param index="0">
              <value>
                <![CDATA[chrome]]>
              </value>
            </param>
            <param index="1">
              <value>
                <![CDATA[org.testng.TestRunner@1a1ed4e5]]>
              </value>
            </param>
          </params>
          <reporter-output>
          </reporter-output>
        </test-method> <!-- setUp -->
        <test-method signature="logInTest()[pri:0, instance:com.herokuapp.theinternet.loginpagetests.PositiveLoginTests@61d47554]" started-at="2026-09-16T18:13:50Z" name="logInTest" finished-at="2026-09-16T18:14:09Z" duration-ms="19695" status="PASS">
          <reporter-output>
          </reporter-output>
        </test-method> <!-- logInTest -->
        <test-method is-config="true" signature="tearDown()[pri:0, instance:com.herokuapp.theinternet.loginpagetests.PositiveLoginTests@61d47554]" started-at="2026-09-16T18:14:09Z" name="tearDown" finished-at="2026-09-16T18:14:14Z" duration-ms="4416" status="PASS">
          <reporter-output>
          </reporter-output>
        </test-method> <!-- tearDown -->
      </class> <!-- com.herokuapp.theinternet.loginpagetests.PositiveLoginTests -->
    </test> <!-- PositiveLoginTest -->
  </suite> <!-- PositiveLoginTestSuite -->
</testng-results>
