-------------------------------------------------------------------------------
Test set: TestSuite
-------------------------------------------------------------------------------
Tests run: 1, Failures: 1, Errors: 0, Skipped: 0, Time elapsed: 8.229 s <<< FAILURE! - in TestSuite
logInTest(com.herokuapp.theinternet.loginpagetests.PositiveLoginTests)  Time elapsed: 0.066 s  <<< FAILURE!
java.lang.NullPointerException: Cannot invoke "org.apache.logging.log4j.Logger.info(String)" because "this.log" is null
	at com.herokuapp.theinternet.loginpagetests.PositiveLoginTests.logInTest(PositiveLoginTests.java:31)

