<?xml version="1.0" encoding="UTF-8"?>
<!-- Generated by org.testng.reporters.JUnitReportReporter -->
<testsuite hostname="DESKTOP-ITKABBO" failures="0" tests="1" name="com.herokuapp.theinternet.checkboxespagetests.CheckboxesTests" time="34.984" errors="0" timestamp="18 Sept 2026 19:12:39 GMT" skipped="0">
  <testcase classname="com.herokuapp.theinternet.checkboxespagetests.CheckboxesTests" name="selectingTwoCheckboxesTest" time="34.984"/>
</testsuite> <!-- com.herokuapp.theinternet.checkboxespagetests.CheckboxesTests -->
