<?xml version="1.0" encoding="UTF-8"?>
<!-- Generated by org.testng.reporters.JUnitXMLReporter -->
<testsuite ignored="0" hostname="DESKTOP-ITKABBO" failures="1" tests="1" name="PositiveTest" time="21.084" errors="0" timestamp="13 Sept 2026 19:04:37 GMT">
  <testcase classname="com.herokuapp.theinternet.PositiveTests" name="logInTest" time="21.067">
    <failure type="java.lang.AssertionError" message="expected [http://the-internet.herokuapp.com/secure] but found [http://the-internet.herokuapp.com/login]">
      <![CDATA[java.lang.AssertionError: expected [http://the-internet.herokuapp.com/secure] but found [http://the-internet.herokuapp.com/login]
at com.herokuapp.theinternet.PositiveTests.logInTest(PositiveTests.java:45)
... Removed 33 stack frames]]>
    </failure>
  </testcase> <!-- logInTest -->
</testsuite> <!-- PositiveTest -->
